-/-/-/-/-/-/-/-/-/-/-/-/-/-/-/-/-/-/-/-/-/-/-/-/-/-
Start in 04:45:00--30/01/2018
Index 1
Host: compute1

-------------------------------------------------------------
STREAM version $Revision: 5.10 $
-------------------------------------------------------------
This system uses 8 bytes per array element.
-------------------------------------------------------------
Array size = 99900000 (elements), Offset = 0 (elements)
Memory per array = 762.2 MiB (= 0.7 GiB).
Total memory required = 2286.5 MiB (= 2.2 GiB).
Each kernel will be executed 10 times.
 The *best* time for each kernel (excluding the first iteration)
 will be used to compute the reported bandwidth.
-------------------------------------------------------------
Number of Threads requested = 5
Number of Threads counted = 5
-------------------------------------------------------------
Your clock granularity/precision appears to be 1 microseconds.
Each test below will take on the order of 196237 microseconds.
   (= 196237 clock ticks)
Increase the size of the arrays if this shows that
you are not getting at least 20 clock ticks per test.
-------------------------------------------------------------
WARNING -- The above is only a rough guideline.
For best results, please be sure you know the
precision of your system timer.
-------------------------------------------------------------
Function    Best Rate MB/s  Avg time     Min time     Max time
Copy:            5089.0     0.318576     0.314091     0.334210
Scale:           5167.7     0.319664     0.309303     0.334596
Add:             5406.5     0.452881     0.443463     0.475316
Triad:           5403.8     0.456258     0.443685     0.475824
-------------------------------------------------------------
Solution Validates: avg error less than 1.000000e-13 on all three arrays
-------------------------------------------------------------

-/-/-/-/-/-/-/-/-/-/-/-/-/-/-/-/-/-/-/-/-/-/-/-/-/-
Finish in 04:45:18--30/01/2018
-/-/-/-/-/-/-/-/-/-/-/-/-/-/-/-/-/-/-/-/-/-/-/-/-/-
Start in 04:45:26--30/01/2018
Index 2
Host: compute1

-------------------------------------------------------------
STREAM version $Revision: 5.10 $
-------------------------------------------------------------
This system uses 8 bytes per array element.
-------------------------------------------------------------
Array size = 99900000 (elements), Offset = 0 (elements)
Memory per array = 762.2 MiB (= 0.7 GiB).
Total memory required = 2286.5 MiB (= 2.2 GiB).
Each kernel will be executed 10 times.
 The *best* time for each kernel (excluding the first iteration)
 will be used to compute the reported bandwidth.
-------------------------------------------------------------
Number of Threads requested = 5
Number of Threads counted = 5
-------------------------------------------------------------
Your clock granularity/precision appears to be 1 microseconds.
Each test below will take on the order of 196220 microseconds.
   (= 196220 clock ticks)
Increase the size of the arrays if this shows that
you are not getting at least 20 clock ticks per test.
-------------------------------------------------------------
WARNING -- The above is only a rough guideline.
For best results, please be sure you know the
precision of your system timer.
-------------------------------------------------------------
Function    Best Rate MB/s  Avg time     Min time     Max time
Copy:            5093.0     0.322417     0.313841     0.334587
Scale:           5166.7     0.318197     0.309364     0.334447
Add:             5407.1     0.445298     0.443419     0.448598
Triad:           5405.4     0.452873     0.443557     0.475423
-------------------------------------------------------------
Solution Validates: avg error less than 1.000000e-13 on all three arrays
-------------------------------------------------------------

-/-/-/-/-/-/-/-/-/-/-/-/-/-/-/-/-/-/-/-/-/-/-/-/-/-
Finish in 04:45:43--30/01/2018
-/-/-/-/-/-/-/-/-/-/-/-/-/-/-/-/-/-/-/-/-/-/-/-/-/-
Start in 04:45:52--30/01/2018
Index 3
Host: compute1

-------------------------------------------------------------
STREAM version $Revision: 5.10 $
-------------------------------------------------------------
This system uses 8 bytes per array element.
-------------------------------------------------------------
Array size = 99900000 (elements), Offset = 0 (elements)
Memory per array = 762.2 MiB (= 0.7 GiB).
Total memory required = 2286.5 MiB (= 2.2 GiB).
Each kernel will be executed 10 times.
 The *best* time for each kernel (excluding the first iteration)
 will be used to compute the reported bandwidth.
-------------------------------------------------------------
Number of Threads requested = 5
Number of Threads counted = 5
-------------------------------------------------------------
Your clock granularity/precision appears to be 1 microseconds.
Each test below will take on the order of 182884 microseconds.
   (= 182884 clock ticks)
Increase the size of the arrays if this shows that
you are not getting at least 20 clock ticks per test.
-------------------------------------------------------------
WARNING -- The above is only a rough guideline.
For best results, please be sure you know the
precision of your system timer.
-------------------------------------------------------------
Function    Best Rate MB/s  Avg time     Min time     Max time
Copy:            5080.5     0.325253     0.314616     0.334504
Scale:           5089.9     0.324182     0.314036     0.334695
Add:             5409.7     0.455241     0.443202     0.475390
Triad:           5412.5     0.457769     0.442973     0.475290
-------------------------------------------------------------
Solution Validates: avg error less than 1.000000e-13 on all three arrays
-------------------------------------------------------------

-/-/-/-/-/-/-/-/-/-/-/-/-/-/-/-/-/-/-/-/-/-/-/-/-/-
Finish in 04:46:09--30/01/2018
-/-/-/-/-/-/-/-/-/-/-/-/-/-/-/-/-/-/-/-/-/-/-/-/-/-
Start in 04:46:18--30/01/2018
Index 4
Host: compute1

-------------------------------------------------------------
STREAM version $Revision: 5.10 $
-------------------------------------------------------------
This system uses 8 bytes per array element.
-------------------------------------------------------------
Array size = 99900000 (elements), Offset = 0 (elements)
Memory per array = 762.2 MiB (= 0.7 GiB).
Total memory required = 2286.5 MiB (= 2.2 GiB).
Each kernel will be executed 10 times.
 The *best* time for each kernel (excluding the first iteration)
 will be used to compute the reported bandwidth.
-------------------------------------------------------------
Number of Threads requested = 5
Number of Threads counted = 5
-------------------------------------------------------------
Your clock granularity/precision appears to be 1 microseconds.
Each test below will take on the order of 186770 microseconds.
   (= 186770 clock ticks)
Increase the size of the arrays if this shows that
you are not getting at least 20 clock ticks per test.
-------------------------------------------------------------
WARNING -- The above is only a rough guideline.
For best results, please be sure you know the
precision of your system timer.
-------------------------------------------------------------
Function    Best Rate MB/s  Avg time     Min time     Max time
Copy:            5055.1     0.321436     0.316194     0.334426
Scale:           5088.4     0.320502     0.314128     0.334599
Add:             5405.2     0.448358     0.443571     0.475313
Triad:           5400.1     0.453409     0.443995     0.475219
-------------------------------------------------------------
Solution Validates: avg error less than 1.000000e-13 on all three arrays
-------------------------------------------------------------

-/-/-/-/-/-/-/-/-/-/-/-/-/-/-/-/-/-/-/-/-/-/-/-/-/-
Finish in 04:46:35--30/01/2018
-/-/-/-/-/-/-/-/-/-/-/-/-/-/-/-/-/-/-/-/-/-/-/-/-/-
Start in 04:46:44--30/01/2018
Index 5
Host: compute1

-------------------------------------------------------------
STREAM version $Revision: 5.10 $
-------------------------------------------------------------
This system uses 8 bytes per array element.
-------------------------------------------------------------
Array size = 99900000 (elements), Offset = 0 (elements)
Memory per array = 762.2 MiB (= 0.7 GiB).
Total memory required = 2286.5 MiB (= 2.2 GiB).
Each kernel will be executed 10 times.
 The *best* time for each kernel (excluding the first iteration)
 will be used to compute the reported bandwidth.
-------------------------------------------------------------
Number of Threads requested = 5
Number of Threads counted = 5
-------------------------------------------------------------
Your clock granularity/precision appears to be 1 microseconds.
Each test below will take on the order of 196357 microseconds.
   (= 196357 clock ticks)
Increase the size of the arrays if this shows that
you are not getting at least 20 clock ticks per test.
-------------------------------------------------------------
WARNING -- The above is only a rough guideline.
For best results, please be sure you know the
precision of your system timer.
-------------------------------------------------------------
Function    Best Rate MB/s  Avg time     Min time     Max time
Copy:            5042.5     0.325344     0.316985     0.334540
Scale:           5084.8     0.326619     0.314348     0.334757
Add:             5405.3     0.455790     0.443568     0.475548
Triad:           5414.1     0.455554     0.442845     0.475087
-------------------------------------------------------------
Solution Validates: avg error less than 1.000000e-13 on all three arrays
-------------------------------------------------------------

-/-/-/-/-/-/-/-/-/-/-/-/-/-/-/-/-/-/-/-/-/-/-/-/-/-
Finish in 04:47:01--30/01/2018
-/-/-/-/-/-/-/-/-/-/-/-/-/-/-/-/-/-/-/-/-/-/-/-/-/-
Start in 04:47:10--30/01/2018
Index 6
Host: compute1

-------------------------------------------------------------
STREAM version $Revision: 5.10 $
-------------------------------------------------------------
This system uses 8 bytes per array element.
-------------------------------------------------------------
Array size = 99900000 (elements), Offset = 0 (elements)
Memory per array = 762.2 MiB (= 0.7 GiB).
Total memory required = 2286.5 MiB (= 2.2 GiB).
Each kernel will be executed 10 times.
 The *best* time for each kernel (excluding the first iteration)
 will be used to compute the reported bandwidth.
-------------------------------------------------------------
Number of Threads requested = 5
Number of Threads counted = 5
-------------------------------------------------------------
Your clock granularity/precision appears to be 1 microseconds.
Each test below will take on the order of 187293 microseconds.
   (= 187293 clock ticks)
Increase the size of the arrays if this shows that
you are not getting at least 20 clock ticks per test.
-------------------------------------------------------------
WARNING -- The above is only a rough guideline.
For best results, please be sure you know the
precision of your system timer.
-------------------------------------------------------------
Function    Best Rate MB/s  Avg time     Min time     Max time
Copy:            5179.4     0.319818     0.308609     0.334510
Scale:           5088.6     0.322033     0.314114     0.334496
Add:             5412.9     0.444540     0.442941     0.447291
Triad:           5413.6     0.452401     0.442886     0.474881
-------------------------------------------------------------
Solution Validates: avg error less than 1.000000e-13 on all three arrays
-------------------------------------------------------------

-/-/-/-/-/-/-/-/-/-/-/-/-/-/-/-/-/-/-/-/-/-/-/-/-/-
Finish in 04:47:27--30/01/2018
-/-/-/-/-/-/-/-/-/-/-/-/-/-/-/-/-/-/-/-/-/-/-/-/-/-
Start in 04:47:35--30/01/2018
Index 7
Host: compute1

-------------------------------------------------------------
STREAM version $Revision: 5.10 $
-------------------------------------------------------------
This system uses 8 bytes per array element.
-------------------------------------------------------------
Array size = 99900000 (elements), Offset = 0 (elements)
Memory per array = 762.2 MiB (= 0.7 GiB).
Total memory required = 2286.5 MiB (= 2.2 GiB).
Each kernel will be executed 10 times.
 The *best* time for each kernel (excluding the first iteration)
 will be used to compute the reported bandwidth.
-------------------------------------------------------------
Number of Threads requested = 5
Number of Threads counted = 5
-------------------------------------------------------------
Your clock granularity/precision appears to be 1 microseconds.
Each test below will take on the order of 187560 microseconds.
   (= 187560 clock ticks)
Increase the size of the arrays if this shows that
you are not getting at least 20 clock ticks per test.
-------------------------------------------------------------
WARNING -- The above is only a rough guideline.
For best results, please be sure you know the
precision of your system timer.
-------------------------------------------------------------
Function    Best Rate MB/s  Avg time     Min time     Max time
Copy:            5089.3     0.323284     0.314069     0.334370
Scale:           5176.6     0.317030     0.308774     0.333718
Add:             5406.9     0.451129     0.443434     0.475251
Triad:           5406.0     0.457651     0.443503     0.474966
-------------------------------------------------------------
Solution Validates: avg error less than 1.000000e-13 on all three arrays
-------------------------------------------------------------

-/-/-/-/-/-/-/-/-/-/-/-/-/-/-/-/-/-/-/-/-/-/-/-/-/-
Finish in 04:47:53--30/01/2018
-/-/-/-/-/-/-/-/-/-/-/-/-/-/-/-/-/-/-/-/-/-/-/-/-/-
Start in 04:48:01--30/01/2018
Index 8
Host: compute1

-------------------------------------------------------------
STREAM version $Revision: 5.10 $
-------------------------------------------------------------
This system uses 8 bytes per array element.
-------------------------------------------------------------
Array size = 99900000 (elements), Offset = 0 (elements)
Memory per array = 762.2 MiB (= 0.7 GiB).
Total memory required = 2286.5 MiB (= 2.2 GiB).
Each kernel will be executed 10 times.
 The *best* time for each kernel (excluding the first iteration)
 will be used to compute the reported bandwidth.
-------------------------------------------------------------
Number of Threads requested = 5
Number of Threads counted = 5
-------------------------------------------------------------
Your clock granularity/precision appears to be 1 microseconds.
Each test below will take on the order of 187695 microseconds.
   (= 187695 clock ticks)
Increase the size of the arrays if this shows that
you are not getting at least 20 clock ticks per test.
-------------------------------------------------------------
WARNING -- The above is only a rough guideline.
For best results, please be sure you know the
precision of your system timer.
-------------------------------------------------------------
Function    Best Rate MB/s  Avg time     Min time     Max time
Copy:            5098.6     0.318115     0.313499     0.334239
Scale:           5080.1     0.320748     0.314638     0.335831
Add:             5408.7     0.456879     0.443283     0.475485
Triad:           5391.6     0.457102     0.444692     0.475390
-------------------------------------------------------------
Solution Validates: avg error less than 1.000000e-13 on all three arrays
-------------------------------------------------------------

-/-/-/-/-/-/-/-/-/-/-/-/-/-/-/-/-/-/-/-/-/-/-/-/-/-
Finish in 04:48:18--30/01/2018
-/-/-/-/-/-/-/-/-/-/-/-/-/-/-/-/-/-/-/-/-/-/-/-/-/-
Start in 04:48:27--30/01/2018
Index 9
Host: compute1

-------------------------------------------------------------
STREAM version $Revision: 5.10 $
-------------------------------------------------------------
This system uses 8 bytes per array element.
-------------------------------------------------------------
Array size = 99900000 (elements), Offset = 0 (elements)
Memory per array = 762.2 MiB (= 0.7 GiB).
Total memory required = 2286.5 MiB (= 2.2 GiB).
Each kernel will be executed 10 times.
 The *best* time for each kernel (excluding the first iteration)
 will be used to compute the reported bandwidth.
-------------------------------------------------------------
Number of Threads requested = 5
Number of Threads counted = 5
-------------------------------------------------------------
Your clock granularity/precision appears to be 1 microseconds.
Each test below will take on the order of 187839 microseconds.
   (= 187839 clock ticks)
Increase the size of the arrays if this shows that
you are not getting at least 20 clock ticks per test.
-------------------------------------------------------------
WARNING -- The above is only a rough guideline.
For best results, please be sure you know the
precision of your system timer.
-------------------------------------------------------------
Function    Best Rate MB/s  Avg time     Min time     Max time
Copy:            5090.8     0.317818     0.313976     0.334247
Scale:           5086.7     0.323819     0.314229     0.334640
Add:             5407.0     0.457963     0.443425     0.475375
Triad:           5411.6     0.445794     0.443050     0.448979
-------------------------------------------------------------
Solution Validates: avg error less than 1.000000e-13 on all three arrays
-------------------------------------------------------------

-/-/-/-/-/-/-/-/-/-/-/-/-/-/-/-/-/-/-/-/-/-/-/-/-/-
Finish in 04:48:44--30/01/2018
-/-/-/-/-/-/-/-/-/-/-/-/-/-/-/-/-/-/-/-/-/-/-/-/-/-
Start in 04:48:53--30/01/2018
Index 10
Host: compute1

-------------------------------------------------------------
STREAM version $Revision: 5.10 $
-------------------------------------------------------------
This system uses 8 bytes per array element.
-------------------------------------------------------------
Array size = 99900000 (elements), Offset = 0 (elements)
Memory per array = 762.2 MiB (= 0.7 GiB).
Total memory required = 2286.5 MiB (= 2.2 GiB).
Each kernel will be executed 10 times.
 The *best* time for each kernel (excluding the first iteration)
 will be used to compute the reported bandwidth.
-------------------------------------------------------------
Number of Threads requested = 5
Number of Threads counted = 5
-------------------------------------------------------------
Your clock granularity/precision appears to be 1 microseconds.
Each test below will take on the order of 183568 microseconds.
   (= 183568 clock ticks)
Increase the size of the arrays if this shows that
you are not getting at least 20 clock ticks per test.
-------------------------------------------------------------
WARNING -- The above is only a rough guideline.
For best results, please be sure you know the
precision of your system timer.
-------------------------------------------------------------
Function    Best Rate MB/s  Avg time     Min time     Max time
Copy:            5040.9     0.326108     0.317084     0.334358
Scale:           5041.4     0.325848     0.317057     0.334492
Add:             5405.6     0.462295     0.443537     0.476072
Triad:           5414.7     0.457835     0.442794     0.475257
-------------------------------------------------------------
Solution Validates: avg error less than 1.000000e-13 on all three arrays
-------------------------------------------------------------

-/-/-/-/-/-/-/-/-/-/-/-/-/-/-/-/-/-/-/-/-/-/-/-/-/-
Finish in 04:49:10--30/01/2018
