-/-/-/-/-/-/-/-/-/-/-/-/-/-/-/-/-/-/-/-/-/-/-/-/-/-
Start in 04:49:19--30/01/2018
Index 1
Host: compute1

-------------------------------------------------------------
STREAM version $Revision: 5.10 $
-------------------------------------------------------------
This system uses 8 bytes per array element.
-------------------------------------------------------------
Array size = 99900000 (elements), Offset = 0 (elements)
Memory per array = 762.2 MiB (= 0.7 GiB).
Total memory required = 2286.5 MiB (= 2.2 GiB).
Each kernel will be executed 10 times.
 The *best* time for each kernel (excluding the first iteration)
 will be used to compute the reported bandwidth.
-------------------------------------------------------------
Number of Threads requested = 6
Number of Threads counted = 6
-------------------------------------------------------------
Your clock granularity/precision appears to be 1 microseconds.
Each test below will take on the order of 179771 microseconds.
   (= 179771 clock ticks)
Increase the size of the arrays if this shows that
you are not getting at least 20 clock ticks per test.
-------------------------------------------------------------
WARNING -- The above is only a rough guideline.
For best results, please be sure you know the
precision of your system timer.
-------------------------------------------------------------
Function    Best Rate MB/s  Avg time     Min time     Max time
Copy:            5234.6     0.307244     0.305354     0.309442
Scale:           5236.0     0.306975     0.305271     0.307888
Add:             5504.0     0.437266     0.435611     0.440333
Triad:           5507.1     0.436677     0.435362     0.438168
-------------------------------------------------------------
Solution Validates: avg error less than 1.000000e-13 on all three arrays
-------------------------------------------------------------

-/-/-/-/-/-/-/-/-/-/-/-/-/-/-/-/-/-/-/-/-/-/-/-/-/-
Finish in 04:49:35--30/01/2018
-/-/-/-/-/-/-/-/-/-/-/-/-/-/-/-/-/-/-/-/-/-/-/-/-/-
Start in 04:49:44--30/01/2018
Index 2
Host: compute1

-------------------------------------------------------------
STREAM version $Revision: 5.10 $
-------------------------------------------------------------
This system uses 8 bytes per array element.
-------------------------------------------------------------
Array size = 99900000 (elements), Offset = 0 (elements)
Memory per array = 762.2 MiB (= 0.7 GiB).
Total memory required = 2286.5 MiB (= 2.2 GiB).
Each kernel will be executed 10 times.
 The *best* time for each kernel (excluding the first iteration)
 will be used to compute the reported bandwidth.
-------------------------------------------------------------
Number of Threads requested = 6
Number of Threads counted = 6
-------------------------------------------------------------
Your clock granularity/precision appears to be 1 microseconds.
Each test below will take on the order of 187422 microseconds.
   (= 187422 clock ticks)
Increase the size of the arrays if this shows that
you are not getting at least 20 clock ticks per test.
-------------------------------------------------------------
WARNING -- The above is only a rough guideline.
For best results, please be sure you know the
precision of your system timer.
-------------------------------------------------------------
Function    Best Rate MB/s  Avg time     Min time     Max time
Copy:            5250.4     0.307720     0.304433     0.316732
Scale:           5227.9     0.309278     0.305742     0.311555
Add:             5505.7     0.438789     0.435478     0.449097
Triad:           5510.0     0.439082     0.435137     0.446563
-------------------------------------------------------------
Solution Validates: avg error less than 1.000000e-13 on all three arrays
-------------------------------------------------------------

-/-/-/-/-/-/-/-/-/-/-/-/-/-/-/-/-/-/-/-/-/-/-/-/-/-
Finish in 04:50:01--30/01/2018
-/-/-/-/-/-/-/-/-/-/-/-/-/-/-/-/-/-/-/-/-/-/-/-/-/-
Start in 04:50:09--30/01/2018
Index 3
Host: compute1

-------------------------------------------------------------
STREAM version $Revision: 5.10 $
-------------------------------------------------------------
This system uses 8 bytes per array element.
-------------------------------------------------------------
Array size = 99900000 (elements), Offset = 0 (elements)
Memory per array = 762.2 MiB (= 0.7 GiB).
Total memory required = 2286.5 MiB (= 2.2 GiB).
Each kernel will be executed 10 times.
 The *best* time for each kernel (excluding the first iteration)
 will be used to compute the reported bandwidth.
-------------------------------------------------------------
Number of Threads requested = 6
Number of Threads counted = 6
-------------------------------------------------------------
Your clock granularity/precision appears to be 1 microseconds.
Each test below will take on the order of 185657 microseconds.
   (= 185657 clock ticks)
Increase the size of the arrays if this shows that
you are not getting at least 20 clock ticks per test.
-------------------------------------------------------------
WARNING -- The above is only a rough guideline.
For best results, please be sure you know the
precision of your system timer.
-------------------------------------------------------------
Function    Best Rate MB/s  Avg time     Min time     Max time
Copy:            5242.5     0.308679     0.304892     0.317810
Scale:           5237.8     0.308595     0.305165     0.317518
Add:             5505.5     0.437842     0.435489     0.446013
Triad:           5507.7     0.436504     0.435316     0.440796
-------------------------------------------------------------
Solution Validates: avg error less than 1.000000e-13 on all three arrays
-------------------------------------------------------------

-/-/-/-/-/-/-/-/-/-/-/-/-/-/-/-/-/-/-/-/-/-/-/-/-/-
Finish in 04:50:26--30/01/2018
-/-/-/-/-/-/-/-/-/-/-/-/-/-/-/-/-/-/-/-/-/-/-/-/-/-
Start in 04:50:34--30/01/2018
Index 4
Host: compute1

-------------------------------------------------------------
STREAM version $Revision: 5.10 $
-------------------------------------------------------------
This system uses 8 bytes per array element.
-------------------------------------------------------------
Array size = 99900000 (elements), Offset = 0 (elements)
Memory per array = 762.2 MiB (= 0.7 GiB).
Total memory required = 2286.5 MiB (= 2.2 GiB).
Each kernel will be executed 10 times.
 The *best* time for each kernel (excluding the first iteration)
 will be used to compute the reported bandwidth.
-------------------------------------------------------------
Number of Threads requested = 6
Number of Threads counted = 6
-------------------------------------------------------------
Your clock granularity/precision appears to be 1 microseconds.
Each test below will take on the order of 188791 microseconds.
   (= 188791 clock ticks)
Increase the size of the arrays if this shows that
you are not getting at least 20 clock ticks per test.
-------------------------------------------------------------
WARNING -- The above is only a rough guideline.
For best results, please be sure you know the
precision of your system timer.
-------------------------------------------------------------
Function    Best Rate MB/s  Avg time     Min time     Max time
Copy:            5239.7     0.310253     0.305056     0.318606
Scale:           5235.3     0.310927     0.305314     0.320941
Add:             5503.0     0.440411     0.435693     0.445570
Triad:           5509.4     0.441206     0.435185     0.450056
-------------------------------------------------------------
Solution Validates: avg error less than 1.000000e-13 on all three arrays
-------------------------------------------------------------

-/-/-/-/-/-/-/-/-/-/-/-/-/-/-/-/-/-/-/-/-/-/-/-/-/-
Finish in 04:50:51--30/01/2018
-/-/-/-/-/-/-/-/-/-/-/-/-/-/-/-/-/-/-/-/-/-/-/-/-/-
Start in 04:51:00--30/01/2018
Index 5
Host: compute1

-------------------------------------------------------------
STREAM version $Revision: 5.10 $
-------------------------------------------------------------
This system uses 8 bytes per array element.
-------------------------------------------------------------
Array size = 99900000 (elements), Offset = 0 (elements)
Memory per array = 762.2 MiB (= 0.7 GiB).
Total memory required = 2286.5 MiB (= 2.2 GiB).
Each kernel will be executed 10 times.
 The *best* time for each kernel (excluding the first iteration)
 will be used to compute the reported bandwidth.
-------------------------------------------------------------
Number of Threads requested = 6
Number of Threads counted = 6
-------------------------------------------------------------
Your clock granularity/precision appears to be 1 microseconds.
Each test below will take on the order of 177444 microseconds.
   (= 177444 clock ticks)
Increase the size of the arrays if this shows that
you are not getting at least 20 clock ticks per test.
-------------------------------------------------------------
WARNING -- The above is only a rough guideline.
For best results, please be sure you know the
precision of your system timer.
-------------------------------------------------------------
Function    Best Rate MB/s  Avg time     Min time     Max time
Copy:            5243.9     0.308848     0.304814     0.318812
Scale:           5234.2     0.309927     0.305377     0.317521
Add:             5501.6     0.442215     0.435797     0.451397
Triad:           5510.4     0.440190     0.435101     0.447596
-------------------------------------------------------------
Solution Validates: avg error less than 1.000000e-13 on all three arrays
-------------------------------------------------------------

-/-/-/-/-/-/-/-/-/-/-/-/-/-/-/-/-/-/-/-/-/-/-/-/-/-
Finish in 04:51:17--30/01/2018
-/-/-/-/-/-/-/-/-/-/-/-/-/-/-/-/-/-/-/-/-/-/-/-/-/-
Start in 04:51:25--30/01/2018
Index 6
Host: compute1

-------------------------------------------------------------
STREAM version $Revision: 5.10 $
-------------------------------------------------------------
This system uses 8 bytes per array element.
-------------------------------------------------------------
Array size = 99900000 (elements), Offset = 0 (elements)
Memory per array = 762.2 MiB (= 0.7 GiB).
Total memory required = 2286.5 MiB (= 2.2 GiB).
Each kernel will be executed 10 times.
 The *best* time for each kernel (excluding the first iteration)
 will be used to compute the reported bandwidth.
-------------------------------------------------------------
Number of Threads requested = 6
Number of Threads counted = 6
-------------------------------------------------------------
Your clock granularity/precision appears to be 1 microseconds.
Each test below will take on the order of 189024 microseconds.
   (= 189024 clock ticks)
Increase the size of the arrays if this shows that
you are not getting at least 20 clock ticks per test.
-------------------------------------------------------------
WARNING -- The above is only a rough guideline.
For best results, please be sure you know the
precision of your system timer.
-------------------------------------------------------------
Function    Best Rate MB/s  Avg time     Min time     Max time
Copy:            5241.2     0.307493     0.304970     0.311438
Scale:           5238.0     0.307797     0.305157     0.313529
Add:             5503.4     0.439227     0.435657     0.446320
Triad:           5510.0     0.439612     0.435139     0.447147
-------------------------------------------------------------
Solution Validates: avg error less than 1.000000e-13 on all three arrays
-------------------------------------------------------------

-/-/-/-/-/-/-/-/-/-/-/-/-/-/-/-/-/-/-/-/-/-/-/-/-/-
Finish in 04:51:42--30/01/2018
-/-/-/-/-/-/-/-/-/-/-/-/-/-/-/-/-/-/-/-/-/-/-/-/-/-
Start in 04:51:50--30/01/2018
Index 7
Host: compute1

-------------------------------------------------------------
STREAM version $Revision: 5.10 $
-------------------------------------------------------------
This system uses 8 bytes per array element.
-------------------------------------------------------------
Array size = 99900000 (elements), Offset = 0 (elements)
Memory per array = 762.2 MiB (= 0.7 GiB).
Total memory required = 2286.5 MiB (= 2.2 GiB).
Each kernel will be executed 10 times.
 The *best* time for each kernel (excluding the first iteration)
 will be used to compute the reported bandwidth.
-------------------------------------------------------------
Number of Threads requested = 6
Number of Threads counted = 6
-------------------------------------------------------------
Your clock granularity/precision appears to be 1 microseconds.
Each test below will take on the order of 183157 microseconds.
   (= 183157 clock ticks)
Increase the size of the arrays if this shows that
you are not getting at least 20 clock ticks per test.
-------------------------------------------------------------
WARNING -- The above is only a rough guideline.
For best results, please be sure you know the
precision of your system timer.
-------------------------------------------------------------
Function    Best Rate MB/s  Avg time     Min time     Max time
Copy:            5240.9     0.307499     0.304988     0.316089
Scale:           5240.9     0.306729     0.304988     0.312982
Add:             5507.2     0.436082     0.435357     0.437315
Triad:           5508.4     0.436319     0.435265     0.437429
-------------------------------------------------------------
Solution Validates: avg error less than 1.000000e-13 on all three arrays
-------------------------------------------------------------

-/-/-/-/-/-/-/-/-/-/-/-/-/-/-/-/-/-/-/-/-/-/-/-/-/-
Finish in 04:52:07--30/01/2018
-/-/-/-/-/-/-/-/-/-/-/-/-/-/-/-/-/-/-/-/-/-/-/-/-/-
Start in 04:52:16--30/01/2018
Index 8
Host: compute1

-------------------------------------------------------------
STREAM version $Revision: 5.10 $
-------------------------------------------------------------
This system uses 8 bytes per array element.
-------------------------------------------------------------
Array size = 99900000 (elements), Offset = 0 (elements)
Memory per array = 762.2 MiB (= 0.7 GiB).
Total memory required = 2286.5 MiB (= 2.2 GiB).
Each kernel will be executed 10 times.
 The *best* time for each kernel (excluding the first iteration)
 will be used to compute the reported bandwidth.
-------------------------------------------------------------
Number of Threads requested = 6
Number of Threads counted = 6
-------------------------------------------------------------
Your clock granularity/precision appears to be 1 microseconds.
Each test below will take on the order of 176908 microseconds.
   (= 176908 clock ticks)
Increase the size of the arrays if this shows that
you are not getting at least 20 clock ticks per test.
-------------------------------------------------------------
WARNING -- The above is only a rough guideline.
For best results, please be sure you know the
precision of your system timer.
-------------------------------------------------------------
Function    Best Rate MB/s  Avg time     Min time     Max time
Copy:            5246.4     0.307339     0.304667     0.312748
Scale:           5240.6     0.306379     0.305006     0.308133
Add:             5507.9     0.436933     0.435302     0.441456
Triad:           5509.8     0.436045     0.435155     0.437913
-------------------------------------------------------------
Solution Validates: avg error less than 1.000000e-13 on all three arrays
-------------------------------------------------------------

-/-/-/-/-/-/-/-/-/-/-/-/-/-/-/-/-/-/-/-/-/-/-/-/-/-
Finish in 04:52:32--30/01/2018
-/-/-/-/-/-/-/-/-/-/-/-/-/-/-/-/-/-/-/-/-/-/-/-/-/-
Start in 04:52:41--30/01/2018
Index 9
Host: compute1

-------------------------------------------------------------
STREAM version $Revision: 5.10 $
-------------------------------------------------------------
This system uses 8 bytes per array element.
-------------------------------------------------------------
Array size = 99900000 (elements), Offset = 0 (elements)
Memory per array = 762.2 MiB (= 0.7 GiB).
Total memory required = 2286.5 MiB (= 2.2 GiB).
Each kernel will be executed 10 times.
 The *best* time for each kernel (excluding the first iteration)
 will be used to compute the reported bandwidth.
-------------------------------------------------------------
Number of Threads requested = 6
Number of Threads counted = 6
-------------------------------------------------------------
Your clock granularity/precision appears to be 1 microseconds.
Each test below will take on the order of 189078 microseconds.
   (= 189078 clock ticks)
Increase the size of the arrays if this shows that
you are not getting at least 20 clock ticks per test.
-------------------------------------------------------------
WARNING -- The above is only a rough guideline.
For best results, please be sure you know the
precision of your system timer.
-------------------------------------------------------------
Function    Best Rate MB/s  Avg time     Min time     Max time
Copy:            5242.3     0.306194     0.304903     0.307970
Scale:           5240.9     0.306466     0.304988     0.309887
Add:             5504.8     0.436580     0.435548     0.438050
Triad:           5491.5     0.437536     0.436606     0.438848
-------------------------------------------------------------
Solution Validates: avg error less than 1.000000e-13 on all three arrays
-------------------------------------------------------------

-/-/-/-/-/-/-/-/-/-/-/-/-/-/-/-/-/-/-/-/-/-/-/-/-/-
Finish in 04:52:57--30/01/2018
-/-/-/-/-/-/-/-/-/-/-/-/-/-/-/-/-/-/-/-/-/-/-/-/-/-
Start in 04:53:06--30/01/2018
Index 10
Host: compute1

-------------------------------------------------------------
STREAM version $Revision: 5.10 $
-------------------------------------------------------------
This system uses 8 bytes per array element.
-------------------------------------------------------------
Array size = 99900000 (elements), Offset = 0 (elements)
Memory per array = 762.2 MiB (= 0.7 GiB).
Total memory required = 2286.5 MiB (= 2.2 GiB).
Each kernel will be executed 10 times.
 The *best* time for each kernel (excluding the first iteration)
 will be used to compute the reported bandwidth.
-------------------------------------------------------------
Number of Threads requested = 6
Number of Threads counted = 6
-------------------------------------------------------------
Your clock granularity/precision appears to be 1 microseconds.
Each test below will take on the order of 193456 microseconds.
   (= 193456 clock ticks)
Increase the size of the arrays if this shows that
you are not getting at least 20 clock ticks per test.
-------------------------------------------------------------
WARNING -- The above is only a rough guideline.
For best results, please be sure you know the
precision of your system timer.
-------------------------------------------------------------
Function    Best Rate MB/s  Avg time     Min time     Max time
Copy:            5241.2     0.309912     0.304969     0.319600
Scale:           5217.0     0.312842     0.306383     0.319628
Add:             5501.1     0.441615     0.435844     0.453094
Triad:           5508.2     0.439978     0.435280     0.447966
-------------------------------------------------------------
Solution Validates: avg error less than 1.000000e-13 on all three arrays
-------------------------------------------------------------

-/-/-/-/-/-/-/-/-/-/-/-/-/-/-/-/-/-/-/-/-/-/-/-/-/-
Finish in 04:53:23--30/01/2018
