       1 0.136005   0.00005610
       2 0.273825   0.00005572
       3 0.411418   0.00005563
       4 0.543452   0.00005616
       6 0.812667   0.00005633
       8 1.096050   0.00005569
      12 1.609958   0.00005687
      13 1.763474   0.00005624
      16 2.149409   0.00005679
      19 2.521608   0.00005749
      21 2.790663   0.00005741
      24 3.165692   0.00005784
      27 3.574694   0.00005763
      29 3.823493   0.00005787
      32 4.169491   0.00005855
      35 4.605453   0.00005798
      45 5.863443   0.00005855
      48 6.277138   0.00005834
      51 6.656171   0.00005846
      61 7.943969   0.00005858
      64 8.368286   0.00005835
      67 8.775215   0.00005825
      93 11.458781   0.00006192
      96 11.788543   0.00006213
      99 12.104632   0.00006240
     125 15.014959   0.00006351
     128 15.289230   0.00006387
     131 14.919636   0.00006699
     189 21.041682   0.00006853
     192 21.901089   0.00006688
     195 22.345048   0.00006658
     253 28.034163   0.00006885
     256 28.154347   0.00006937
     259 28.617352   0.00006905
     381 39.278730   0.00007400
     384 39.410889   0.00007434
     387 39.597312   0.00007457
     509 48.992507   0.00007926
     512 49.212655   0.00007937
     515 49.446725   0.00007946
     765 64.438519   0.00009057
     768 64.015504   0.00009153
     771 60.278966   0.00009758
    1021 75.290647   0.00010346
    1024 75.468482   0.00010352
    1027 75.639236   0.00010359
    1533 92.196489   0.00012686
    1536 91.704658   0.00012779
    1539 91.288330   0.00012862
    2045 119.303178   0.00013078
    2048 118.906336   0.00013141
    2051 119.778226   0.00013064
    3069 162.585663   0.00014401
    3072 160.730008   0.00014582
    3075 160.921307   0.00014579
    4093 205.078582   0.00015227
    4096 204.291824   0.00015297
    4099 202.431155   0.00015449
    6141 270.733063   0.00017306
    6144 271.809172   0.00017246
    6147 270.544344   0.00017335
    8189 320.368332   0.00019502
    8192 320.484130   0.00019502
    8195 320.313278   0.00019519
   12285 392.062803   0.00023906
   12288 393.711486   0.00023812
   12291 394.300314   0.00023782
   16381 475.627787   0.00026276
   16384 477.690922   0.00026168
   16387 474.817988   0.00026331
   24573 520.931884   0.00035989
   24576 512.821148   0.00036562
   24579 513.112443   0.00036546
   32765 602.538872   0.00041487
   32768 595.795020   0.00041961
   32771 602.589821   0.00041491
   49149 636.189516   0.00058941
   49152 636.974140   0.00058872
   49155 636.880961   0.00058884
   65533 688.410603   0.00072628
   65536 689.434548   0.00072523
   65539 688.958309   0.00072577
   98301 748.943951   0.00100138
   98304 745.095411   0.00100658
   98307 744.421936   0.00100752
  131069 778.104188   0.00128515
  131072 775.970415   0.00128871
  131075 777.861077   0.00128561
  196605 810.653629   0.00185033
  196608 810.848054   0.00184992
  196611 811.687533   0.00184803
  262141 829.485192   0.00241111
  262144 829.211105   0.00241193
  262147 828.204411   0.00241489
  393213 848.801219   0.00353437
  393216 848.427699   0.00353595
  393219 848.346940   0.00353632
  524285 857.462749   0.00466490
  524288 857.499539   0.00466473
  524291 857.169556   0.00466655
  786429 867.404638   0.00691716
  786432 867.382685   0.00691736
  786435 866.923093   0.00692106
 1048573 871.990089   0.00917439
 1048576 872.186331   0.00917235
 1048579 872.323864   0.00917093
 1572861 877.397542   0.01367678
 1572864 877.415512   0.01367653
 1572867 877.314227   0.01367814
 2097149 879.974840   0.01818231
 2097152 880.030768   0.01818118
 2097155 879.940868   0.01818307
 3145725 798.112923   0.03007090
 3145728 801.792688   0.02993292
 3145731 800.481666   0.02998198
 4194301 873.610586   0.03662957
 4194304 876.219137   0.03652054
 4194307 875.785522   0.03653865
 6291453 858.069201   0.05593952
 6291456 861.877410   0.05569238
 6291459 864.068177   0.05555120
 8388605 878.655679   0.07283852
 8388608 878.903115   0.07281804
 8388611 878.694623   0.07283534
